-------------------------------------------------------------------------------
Test set: com.packt.demo.DemoApplicationTests
-------------------------------------------------------------------------------
Tests run: 1, Failures: 0, Errors: 1, Skipped: 0, Time elapsed: 1.563 s <<< FAILURE! - in com.packt.demo.DemoApplicationTests
com.packt.demo.DemoApplicationTests  Time elapsed: 1.562 s  <<< ERROR!
java.lang.IllegalStateException: Unable to find a @SpringBootConfiguration, you need to use @ContextConfiguration or @SpringBootTest(classes=...) with your test

